01.07.2025_00:57:43: [DEBUG] : JVM runtime: 21.0.3
01.07.2025_00:57:43: [DEBUG] : Meta runtime: 0.5-beta-SNAPSHOT
01.07.2025_00:57:43: [DEBUG] : Meta home: C:\Users\marvi\.meta\versions\meta-0.5-beta-SNAPSHOT
01.07.2025_00:57:43: [ INFO] Metabuild: search system plugins: C:\Users\marvi\.meta\versions\meta-0.5-beta-SNAPSHOT
01.07.2025_00:57:43: [ INFO] Metabuild: - metabuild-cpp.jar
01.07.2025_00:57:43: [ INFO] Metabuild: - metabuild-java.jar
01.07.2025_00:57:43: [ INFO] Metabuild: - metabuild-maven.jar
01.07.2025_00:57:43: [DEBUG] Metabuild: STATE TRANSITION: PREINIT >>> IDLE
01.07.2025_00:57:43: [DEBUG] Metabuild: STATE TRANSITION: IDLE >>> INIT
01.07.2025_00:57:43: [ INFO] Metabuild: loaded buildfile: E:\GitHub\LIBRARY-SerialPortAccess\NetworkAccess\build.meta
01.07.2025_00:57:43: [DEBUG] Metabuild: STATE TRANSITION: INIT >>> READY
01.07.2025_00:57:43: [DEBUG] Metabuild: STATE TRANSITION: READY >>> PREPARE
01.07.2025_00:57:43: [ INFO] /maven_dependency/cppDependenciesWinAMD64: attempt offline cache resolution to verify available dependencies ...
01.07.2025_00:57:43: [ INFO] /maven_dependency/cppDependenciesWinAMD64: offline cache verified, all dependencies available
01.07.2025_00:57:43: [ INFO] /compile_cpp/compileCppWinAMD64: located cpp compiler: D:\Programms\toolchains\mingw64-msvcrt\bin\win-amd-64-g++.exe
01.07.2025_00:57:43: [ INFO] /maven_publish/publishMavenLocalWinAMD64: attempt remote resolution to verify already uploaded artifacts ...
01.07.2025_00:57:43: [DEBUG] /maven_publish/publishMavenLocalWinAMD64/resolver: access URL: file:/C:/Users/marvi/.m2/repository/de/m_marvin/serialportaccess/netsocket-winamd64/1.0-SNAPSHOT/maven-metadata.xml
01.07.2025_00:57:43: [DEBUG] /maven_publish/publishMavenLocalWinAMD64/resolver: access URL: file:/C:/Users/marvi/.m2/repository/de/m_marvin/serialportaccess/netsocket-winamd64/1.0-SNAPSHOT/maven-metadata.xml.md5
01.07.2025_00:57:43: [DEBUG] /maven_publish/publishMavenLocalWinAMD64/resolver: access URL: file:/C:/Users/marvi/.m2/repository/de/m_marvin/serialportaccess/netsocket-winamd64/1.0-SNAPSHOT/netsocket-winamd64-1.0-20250630-225340-44.pom
01.07.2025_00:57:43: [DEBUG] /maven_publish/publishMavenLocalWinAMD64/resolver: access URL: file:/C:/Users/marvi/.m2/repository/de/m_marvin/serialportaccess/netsocket-winamd64/1.0-SNAPSHOT/netsocket-winamd64-1.0-20250630-225340-44.pom.md5
01.07.2025_00:57:43: [ INFO] /maven_publish/publishMavenLocalWinAMD64: artifacts all already uploaded
01.07.2025_00:57:43: [ INFO] /maven_dependency/cppDependenciesLinAMD64: attempt offline cache resolution to verify available dependencies ...
01.07.2025_00:57:43: [ INFO] /maven_dependency/cppDependenciesLinAMD64: offline cache verified, all dependencies available
01.07.2025_00:57:44: [ INFO] /compile_cpp/compileCppLinAMD64: located cpp compiler: D:\Programms\toolchains\SysGCC-linux\bin\lin-amd-64-g++.exe
01.07.2025_00:57:44: [ INFO] /maven_publish/publishMavenLocalLinAMD64: attempt remote resolution to verify already uploaded artifacts ...
01.07.2025_00:57:44: [DEBUG] /maven_publish/publishMavenLocalLinAMD64/resolver: access URL: file:/C:/Users/marvi/.m2/repository/de/m_marvin/serialportaccess/netsocket-linamd64/1.0-SNAPSHOT/maven-metadata.xml
01.07.2025_00:57:44: [DEBUG] /maven_publish/publishMavenLocalLinAMD64/resolver: access URL: file:/C:/Users/marvi/.m2/repository/de/m_marvin/serialportaccess/netsocket-linamd64/1.0-SNAPSHOT/maven-metadata.xml.md5
01.07.2025_00:57:44: [DEBUG] /maven_publish/publishMavenLocalLinAMD64/resolver: access URL: file:/C:/Users/marvi/.m2/repository/de/m_marvin/serialportaccess/netsocket-linamd64/1.0-SNAPSHOT/netsocket-linamd64-1.0-20250630-225340-33.pom
01.07.2025_00:57:44: [DEBUG] /maven_publish/publishMavenLocalLinAMD64/resolver: access URL: file:/C:/Users/marvi/.m2/repository/de/m_marvin/serialportaccess/netsocket-linamd64/1.0-SNAPSHOT/netsocket-linamd64-1.0-20250630-225340-33.pom.md5
01.07.2025_00:57:44: [ INFO] /maven_publish/publishMavenLocalLinAMD64: artifacts all already uploaded
01.07.2025_00:57:44: [ INFO] /maven_dependency/cppDependenciesLinARM32: attempt offline cache resolution to verify available dependencies ...
01.07.2025_00:57:44: [ INFO] /maven_dependency/cppDependenciesLinARM32: offline cache verified, all dependencies available
01.07.2025_00:57:44: [ INFO] /compile_cpp/compileCppLinARM32: located cpp compiler: D:\Programms\toolchains\SysGCC-linux\bin\lin-arm-32-g++.exe
01.07.2025_00:57:44: [ INFO] /maven_publish/publishMavenLocalLinARM32: attempt remote resolution to verify already uploaded artifacts ...
01.07.2025_00:57:44: [DEBUG] /maven_publish/publishMavenLocalLinARM32/resolver: access URL: file:/C:/Users/marvi/.m2/repository/de/m_marvin/serialportaccess/netsocket-linarm32/1.0-SNAPSHOT/maven-metadata.xml
01.07.2025_00:57:44: [DEBUG] /maven_publish/publishMavenLocalLinARM32/resolver: access URL: file:/C:/Users/marvi/.m2/repository/de/m_marvin/serialportaccess/netsocket-linarm32/1.0-SNAPSHOT/maven-metadata.xml.md5
01.07.2025_00:57:44: [DEBUG] /maven_publish/publishMavenLocalLinARM32/resolver: access URL: file:/C:/Users/marvi/.m2/repository/de/m_marvin/serialportaccess/netsocket-linarm32/1.0-SNAPSHOT/netsocket-linarm32-1.0-20250630-225340-33.pom
01.07.2025_00:57:44: [DEBUG] /maven_publish/publishMavenLocalLinARM32/resolver: access URL: file:/C:/Users/marvi/.m2/repository/de/m_marvin/serialportaccess/netsocket-linarm32/1.0-SNAPSHOT/netsocket-linarm32-1.0-20250630-225340-33.pom.md5
01.07.2025_00:57:44: [ INFO] /maven_publish/publishMavenLocalLinARM32: artifacts all already uploaded
01.07.2025_00:57:44: [ INFO] /maven_dependency/cppDependenciesLinARM64: attempt offline cache resolution to verify available dependencies ...
01.07.2025_00:57:44: [ INFO] /maven_dependency/cppDependenciesLinARM64: offline cache verified, all dependencies available
01.07.2025_00:57:44: [ INFO] /compile_cpp/compileCppLinARM64: located cpp compiler: D:\Programms\toolchains\SysGCC-linux\bin\lin-arm-64-g++.exe
01.07.2025_00:57:44: [ INFO] /maven_publish/publishMavenLocalLinARM64: attempt remote resolution to verify already uploaded artifacts ...
01.07.2025_00:57:44: [DEBUG] /maven_publish/publishMavenLocalLinARM64/resolver: access URL: file:/C:/Users/marvi/.m2/repository/de/m_marvin/serialportaccess/netsocket-linarm64/1.0-SNAPSHOT/maven-metadata.xml
01.07.2025_00:57:44: [DEBUG] /maven_publish/publishMavenLocalLinARM64/resolver: access URL: file:/C:/Users/marvi/.m2/repository/de/m_marvin/serialportaccess/netsocket-linarm64/1.0-SNAPSHOT/maven-metadata.xml.md5
01.07.2025_00:57:44: [DEBUG] /maven_publish/publishMavenLocalLinARM64/resolver: access URL: file:/C:/Users/marvi/.m2/repository/de/m_marvin/serialportaccess/netsocket-linarm64/1.0-SNAPSHOT/netsocket-linarm64-1.0-20250630-225340-33.pom
01.07.2025_00:57:44: [DEBUG] /maven_publish/publishMavenLocalLinARM64/resolver: access URL: file:/C:/Users/marvi/.m2/repository/de/m_marvin/serialportaccess/netsocket-linarm64/1.0-SNAPSHOT/netsocket-linarm64-1.0-20250630-225340-33.pom.md5
01.07.2025_00:57:44: [ INFO] /maven_publish/publishMavenLocalLinARM64: artifacts all already uploaded
01.07.2025_00:57:44: [DEBUG] Metabuild: STATE TRANSITION: PREPARE >>> RUN
01.07.2025_00:57:45: [ INFO] /compile_cpp/compileCppLinAMD64: located cpp compiler: D:\Programms\toolchains\SysGCC-linux\bin\lin-amd-64-g++.exe
01.07.2025_00:57:45: [ INFO] /compile_cpp/compileCppLinAMD64: compiling source file: E:\GitHub\LIBRARY-SerialPortAccess\NetworkAccess\src\cpp\source\linnet.cpp
01.07.2025_00:57:45: [DEBUG] /compile_cpp/compileCppLinAMD64: cmd: D:\Programms\toolchains\SysGCC-linux\bin\lin-amd-64-g++.exe -o E:\GitHub\LIBRARY-SerialPortAccess\NetworkAccess\build\LinAMD64\objects\cpp\linnet.o E:\GitHub\LIBRARY-SerialPortAccess\NetworkAccess\src\cpp\source\linnet.cpp -c -fPIC -fno-stack-protector -D PLATFORM_LIN -I "E:\GitHub\LIBRARY-SerialPortAccess\NetworkAccess\src\cpp\public"
01.07.2025_00:57:45: [ INFO] /compile_cpp/compileCppLinAMD64: compiling source file: E:\GitHub\LIBRARY-SerialPortAccess\NetworkAccess\src\cpp\source\winnet.cpp
01.07.2025_00:57:45: [DEBUG] /compile_cpp/compileCppLinAMD64: cmd: D:\Programms\toolchains\SysGCC-linux\bin\lin-amd-64-g++.exe -o E:\GitHub\LIBRARY-SerialPortAccess\NetworkAccess\build\LinAMD64\objects\cpp\winnet.o E:\GitHub\LIBRARY-SerialPortAccess\NetworkAccess\src\cpp\source\winnet.cpp -c -fPIC -fno-stack-protector -D PLATFORM_LIN -I "E:\GitHub\LIBRARY-SerialPortAccess\NetworkAccess\src\cpp\public"
01.07.2025_00:57:45: [ INFO] /compile_cpp/compileCppLinARM32: located cpp compiler: D:\Programms\toolchains\SysGCC-linux\bin\lin-arm-32-g++.exe
01.07.2025_00:57:45: [ INFO] /compile_cpp/compileCppLinARM32: compiling source file: E:\GitHub\LIBRARY-SerialPortAccess\NetworkAccess\src\cpp\source\linnet.cpp
01.07.2025_00:57:45: [DEBUG] /compile_cpp/compileCppLinARM32: cmd: D:\Programms\toolchains\SysGCC-linux\bin\lin-arm-32-g++.exe -o E:\GitHub\LIBRARY-SerialPortAccess\NetworkAccess\build\LinARM32\objects\cpp\linnet.o E:\GitHub\LIBRARY-SerialPortAccess\NetworkAccess\src\cpp\source\linnet.cpp -c -fPIC -D PLATFORM_LIN -I "E:\GitHub\LIBRARY-SerialPortAccess\NetworkAccess\src\cpp\public"
01.07.2025_00:57:46: [ INFO] /compile_cpp/compileCppLinARM32: compiling source file: E:\GitHub\LIBRARY-SerialPortAccess\NetworkAccess\src\cpp\source\winnet.cpp
01.07.2025_00:57:46: [DEBUG] /compile_cpp/compileCppLinARM32: cmd: D:\Programms\toolchains\SysGCC-linux\bin\lin-arm-32-g++.exe -o E:\GitHub\LIBRARY-SerialPortAccess\NetworkAccess\build\LinARM32\objects\cpp\winnet.o E:\GitHub\LIBRARY-SerialPortAccess\NetworkAccess\src\cpp\source\winnet.cpp -c -fPIC -D PLATFORM_LIN -I "E:\GitHub\LIBRARY-SerialPortAccess\NetworkAccess\src\cpp\public"
01.07.2025_00:57:46: [ INFO] /compile_cpp/compileCppWinAMD64: located cpp compiler: D:\Programms\toolchains\mingw64-msvcrt\bin\win-amd-64-g++.exe
01.07.2025_00:57:46: [ INFO] /compile_cpp/compileCppWinAMD64: compiling source file: E:\GitHub\LIBRARY-SerialPortAccess\NetworkAccess\src\cpp\source\linnet.cpp
01.07.2025_00:57:46: [DEBUG] /compile_cpp/compileCppWinAMD64: cmd: D:\Programms\toolchains\mingw64-msvcrt\bin\win-amd-64-g++.exe -o E:\GitHub\LIBRARY-SerialPortAccess\NetworkAccess\build\WinAMD64\objects\cpp\linnet.o E:\GitHub\LIBRARY-SerialPortAccess\NetworkAccess\src\cpp\source\linnet.cpp -c -D PLATFORM_WIN -I "E:\GitHub\LIBRARY-SerialPortAccess\NetworkAccess\src\cpp\public"
01.07.2025_00:57:46: [ INFO] /compile_cpp/compileCppWinAMD64: compiling source file: E:\GitHub\LIBRARY-SerialPortAccess\NetworkAccess\src\cpp\source\winnet.cpp
01.07.2025_00:57:46: [DEBUG] /compile_cpp/compileCppWinAMD64: cmd: D:\Programms\toolchains\mingw64-msvcrt\bin\win-amd-64-g++.exe -o E:\GitHub\LIBRARY-SerialPortAccess\NetworkAccess\build\WinAMD64\objects\cpp\winnet.o E:\GitHub\LIBRARY-SerialPortAccess\NetworkAccess\src\cpp\source\winnet.cpp -c -D PLATFORM_WIN -I "E:\GitHub\LIBRARY-SerialPortAccess\NetworkAccess\src\cpp\public"
01.07.2025_00:57:48: [ INFO] /compile_cpp/compileCppLinARM64: located cpp compiler: D:\Programms\toolchains\SysGCC-linux\bin\lin-arm-64-g++.exe
01.07.2025_00:57:48: [ INFO] /compile_cpp/compileCppLinARM64: compiling source file: E:\GitHub\LIBRARY-SerialPortAccess\NetworkAccess\src\cpp\source\linnet.cpp
01.07.2025_00:57:48: [DEBUG] /compile_cpp/compileCppLinARM64: cmd: D:\Programms\toolchains\SysGCC-linux\bin\lin-arm-64-g++.exe -o E:\GitHub\LIBRARY-SerialPortAccess\NetworkAccess\build\LinARM64\objects\cpp\linnet.o E:\GitHub\LIBRARY-SerialPortAccess\NetworkAccess\src\cpp\source\linnet.cpp -c -fPIC -D PLATFORM_LIN -I "E:\GitHub\LIBRARY-SerialPortAccess\NetworkAccess\src\cpp\public"
01.07.2025_00:57:49: [ INFO] /compile_cpp/compileCppLinARM64: compiling source file: E:\GitHub\LIBRARY-SerialPortAccess\NetworkAccess\src\cpp\source\winnet.cpp
01.07.2025_00:57:49: [DEBUG] /compile_cpp/compileCppLinARM64: cmd: D:\Programms\toolchains\SysGCC-linux\bin\lin-arm-64-g++.exe -o E:\GitHub\LIBRARY-SerialPortAccess\NetworkAccess\build\LinARM64\objects\cpp\winnet.o E:\GitHub\LIBRARY-SerialPortAccess\NetworkAccess\src\cpp\source\winnet.cpp -c -fPIC -D PLATFORM_LIN -I "E:\GitHub\LIBRARY-SerialPortAccess\NetworkAccess\src\cpp\public"
01.07.2025_00:57:49: [ INFO] /link_cpp/linkCppLinAMD64: linking objects in: C:\Windows\system32\build\LinAMD64\objects\cpp
01.07.2025_00:57:50: [ INFO] /link_cpp/linkCppLinAMD64: located cpp compiler: D:\Programms\toolchains\SysGCC-linux\bin\lin-amd-64-g++.exe
01.07.2025_00:57:50: [DEBUG] /link_cpp/linkCppLinAMD64: cmd: D:\Programms\toolchains\SysGCC-linux\bin\lin-amd-64-g++.exe E:\GitHub\LIBRARY-SerialPortAccess\NetworkAccess\build\LinAMD64\objects\cpp\linnet.o E:\GitHub\LIBRARY-SerialPortAccess\NetworkAccess\build\LinAMD64\objects\cpp\winnet.o -o E:\GitHub\LIBRARY-SerialPortAccess\NetworkAccess\build\bin\libnetsocket_x64.so -shared -L"E:\GitHub\LIBRARY-SerialPortAccess\NetworkAccess\build\LinAMD64\includeLibraries"
01.07.2025_00:57:50: [ INFO] /link_cpp/linkCppLinARM32: linking objects in: C:\Windows\system32\build\LinARM32\objects\cpp
01.07.2025_00:57:50: [ INFO] /link_cpp/linkCppLinARM32: located cpp compiler: D:\Programms\toolchains\SysGCC-linux\bin\lin-arm-32-g++.exe
01.07.2025_00:57:50: [DEBUG] /link_cpp/linkCppLinARM32: cmd: D:\Programms\toolchains\SysGCC-linux\bin\lin-arm-32-g++.exe E:\GitHub\LIBRARY-SerialPortAccess\NetworkAccess\build\LinARM32\objects\cpp\linnet.o E:\GitHub\LIBRARY-SerialPortAccess\NetworkAccess\build\LinARM32\objects\cpp\winnet.o -o E:\GitHub\LIBRARY-SerialPortAccess\NetworkAccess\build\bin\libnetsocket_arm32.so -shared -L"E:\GitHub\LIBRARY-SerialPortAccess\NetworkAccess\build\LinARM32\includeLibraries"
01.07.2025_00:57:51: [ INFO] /link_cpp/linkCppWinAMD64: linking objects in: C:\Windows\system32\build\WinAMD64\objects\cpp
01.07.2025_00:57:51: [ INFO] /link_cpp/linkCppWinAMD64: located cpp compiler: D:\Programms\toolchains\mingw64-msvcrt\bin\win-amd-64-g++.exe
01.07.2025_00:57:51: [DEBUG] /link_cpp/linkCppWinAMD64: cmd: D:\Programms\toolchains\mingw64-msvcrt\bin\win-amd-64-g++.exe E:\GitHub\LIBRARY-SerialPortAccess\NetworkAccess\build\WinAMD64\objects\cpp\linnet.o E:\GitHub\LIBRARY-SerialPortAccess\NetworkAccess\build\WinAMD64\objects\cpp\winnet.o -o E:\GitHub\LIBRARY-SerialPortAccess\NetworkAccess\build\bin\libnetsocket_x64.dll -shared -static-libgcc -static-libstdc++ -L"E:\GitHub\LIBRARY-SerialPortAccess\NetworkAccess\build\WinAMD64\includeLibraries" -lWs2_32
01.07.2025_00:57:51: [ INFO] /link_cpp/linkCppLinARM64: linking objects in: C:\Windows\system32\build\LinARM64\objects\cpp
01.07.2025_00:57:52: [ INFO] /link_cpp/linkCppLinARM64: located cpp compiler: D:\Programms\toolchains\SysGCC-linux\bin\lin-arm-64-g++.exe
01.07.2025_00:57:52: [DEBUG] /link_cpp/linkCppLinARM64: cmd: D:\Programms\toolchains\SysGCC-linux\bin\lin-arm-64-g++.exe E:\GitHub\LIBRARY-SerialPortAccess\NetworkAccess\build\LinARM64\objects\cpp\linnet.o E:\GitHub\LIBRARY-SerialPortAccess\NetworkAccess\build\LinARM64\objects\cpp\winnet.o -o E:\GitHub\LIBRARY-SerialPortAccess\NetworkAccess\build\bin\libnetsocket_arm64.so -shared -L"E:\GitHub\LIBRARY-SerialPortAccess\NetworkAccess\build\LinARM64\includeLibraries"
01.07.2025_00:57:52: [ INFO] /make_archive/binaryZipLinAMD64: make archive from files: build\LinAMD64\bin\libnetsocket_x64.zip
01.07.2025_00:57:52: [DEBUG] /make_archive/binaryZipLinAMD64: archive file: libnetsocket_x64.so - E:\GitHub\LIBRARY-SerialPortAccess\NetworkAccess\build\bin\libnetsocket_x64.so
01.07.2025_00:57:52: [ INFO] /make_archive/binaryZipLinARM32: make archive from files: build\LinARM32\bin\libnetsocket_arm32.zip
01.07.2025_00:57:52: [DEBUG] /make_archive/binaryZipLinARM32: archive file: libnetsocket_arm32.so - E:\GitHub\LIBRARY-SerialPortAccess\NetworkAccess\build\bin\libnetsocket_arm32.so
01.07.2025_00:57:52: [ INFO] /make_archive/binaryZipWinAMD64: make archive from files: build\WinAMD64\bin\libnetsocket_x64.zip
01.07.2025_00:57:52: [DEBUG] /make_archive/binaryZipWinAMD64: archive file: libnetsocket_x64.dll - E:\GitHub\LIBRARY-SerialPortAccess\NetworkAccess\build\bin\libnetsocket_x64.dll
01.07.2025_00:57:52: [ INFO] /make_archive/binaryZipLinARM64: make archive from files: build\LinARM64\bin\libnetsocket_arm64.zip
01.07.2025_00:57:52: [DEBUG] /make_archive/binaryZipLinARM64: archive file: libnetsocket_arm64.so - E:\GitHub\LIBRARY-SerialPortAccess\NetworkAccess\build\bin\libnetsocket_arm64.so
01.07.2025_00:57:52: [ INFO] /maven_publish/publishMavenLocalLinAMD64: attempt remote resolution to verify already uploaded artifacts ...
01.07.2025_00:57:52: [DEBUG] /maven_publish/publishMavenLocalLinAMD64/resolver: access URL: file:/C:/Users/marvi/.m2/repository/de/m_marvin/serialportaccess/netsocket-linamd64/1.0-SNAPSHOT/maven-metadata.xml
01.07.2025_00:57:52: [DEBUG] /maven_publish/publishMavenLocalLinAMD64/resolver: access URL: file:/C:/Users/marvi/.m2/repository/de/m_marvin/serialportaccess/netsocket-linamd64/1.0-SNAPSHOT/maven-metadata.xml.md5
01.07.2025_00:57:52: [DEBUG] /maven_publish/publishMavenLocalLinAMD64/resolver: access URL: file:/C:/Users/marvi/.m2/repository/de/m_marvin/serialportaccess/netsocket-linamd64/1.0-SNAPSHOT/netsocket-linamd64-1.0-20250630-225340-33.pom
01.07.2025_00:57:52: [DEBUG] /maven_publish/publishMavenLocalLinAMD64/resolver: access URL: file:/C:/Users/marvi/.m2/repository/de/m_marvin/serialportaccess/netsocket-linamd64/1.0-SNAPSHOT/netsocket-linamd64-1.0-20250630-225340-33.pom.md5
01.07.2025_00:57:52: [ INFO] /maven_publish/publishMavenLocalLinAMD64: => upload to repository required: Repositiry{url=file:/C:/Users/marvi/.m2/repository,credentials=no}
01.07.2025_00:57:52: [ INFO] /maven_publish/publishMavenLocalLinAMD64: uploads required, request publish task to run
01.07.2025_00:57:52: [ INFO] /maven_publish/publishMavenLocalLinAMD64/publisher: attempt upload 'de.m_marvin.serialportaccess:netsocket-linamd64::pom:1.0-SNAPSHOT' to repository: [Maven Local] file:/C:/Users/marvi/.m2/repository
01.07.2025_00:57:52: [DEBUG] /maven_publish/publishMavenLocalLinAMD64/resolver: access URL: file:/C:/Users/marvi/.m2/repository/de/m_marvin/serialportaccess/netsocket-linamd64/1.0-SNAPSHOT/maven-metadata.xml
01.07.2025_00:57:52: [DEBUG] /maven_publish/publishMavenLocalLinAMD64/resolver: access URL: file:/C:/Users/marvi/.m2/repository/de/m_marvin/serialportaccess/netsocket-linamd64/1.0-SNAPSHOT/maven-metadata.xml.md5
01.07.2025_00:57:52: [DEBUG] /maven_publish/publishMavenLocalLinAMD64/publisher: access URL: file:/C:/Users/marvi/.m2/repository/de/m_marvin/serialportaccess/netsocket-linamd64/1.0-SNAPSHOT/maven-metadata.xml
01.07.2025_00:57:52: [DEBUG] /maven_publish/publishMavenLocalLinAMD64/publisher: access URL: file:/C:/Users/marvi/.m2/repository/de/m_marvin/serialportaccess/netsocket-linamd64/1.0-SNAPSHOT/maven-metadata.xml.md5
01.07.2025_00:57:52: [DEBUG] /maven_publish/publishMavenLocalLinAMD64/publisher: access URL: file:/C:/Users/marvi/.m2/repository/de/m_marvin/serialportaccess/netsocket-linamd64/1.0-SNAPSHOT/maven-metadata.xml.sha512
01.07.2025_00:57:52: [DEBUG] /maven_publish/publishMavenLocalLinAMD64/publisher: access URL: file:/C:/Users/marvi/.m2/repository/de/m_marvin/serialportaccess/netsocket-linamd64/1.0-SNAPSHOT/maven-metadata.xml.sha1
01.07.2025_00:57:52: [DEBUG] /maven_publish/publishMavenLocalLinAMD64/publisher: access URL: file:/C:/Users/marvi/.m2/repository/de/m_marvin/serialportaccess/netsocket-linamd64/1.0-SNAPSHOT/maven-metadata.xml.sha256
01.07.2025_00:57:52: [DEBUG] /maven_publish/publishMavenLocalLinAMD64/publisher: access URL: file:/C:/Users/marvi/.m2/repository/de/m_marvin/serialportaccess/netsocket-linamd64/1.0-SNAPSHOT/netsocket-linamd64-1.0-20250630-225752-34.pom
01.07.2025_00:57:52: [DEBUG] /maven_publish/publishMavenLocalLinAMD64/publisher: access URL: file:/C:/Users/marvi/.m2/repository/de/m_marvin/serialportaccess/netsocket-linamd64/1.0-SNAPSHOT/netsocket-linamd64-1.0-20250630-225752-34.pom.md5
01.07.2025_00:57:52: [DEBUG] /maven_publish/publishMavenLocalLinAMD64/publisher: access URL: file:/C:/Users/marvi/.m2/repository/de/m_marvin/serialportaccess/netsocket-linamd64/1.0-SNAPSHOT/netsocket-linamd64-1.0-20250630-225752-34.pom.sha512
01.07.2025_00:57:52: [DEBUG] /maven_publish/publishMavenLocalLinAMD64/publisher: access URL: file:/C:/Users/marvi/.m2/repository/de/m_marvin/serialportaccess/netsocket-linamd64/1.0-SNAPSHOT/netsocket-linamd64-1.0-20250630-225752-34.pom.sha1
01.07.2025_00:57:52: [DEBUG] /maven_publish/publishMavenLocalLinAMD64/publisher: access URL: file:/C:/Users/marvi/.m2/repository/de/m_marvin/serialportaccess/netsocket-linamd64/1.0-SNAPSHOT/netsocket-linamd64-1.0-20250630-225752-34.pom.sha256
01.07.2025_00:57:52: [DEBUG] /maven_publish/publishMavenLocalLinAMD64/publisher: access URL: file:/C:/Users/marvi/.m2/repository/de/m_marvin/serialportaccess/netsocket-linamd64/1.0-SNAPSHOT/netsocket-linamd64-1.0-20250630-225752-34.zip
01.07.2025_00:57:52: [DEBUG] /maven_publish/publishMavenLocalLinAMD64/publisher: access URL: file:/C:/Users/marvi/.m2/repository/de/m_marvin/serialportaccess/netsocket-linamd64/1.0-SNAPSHOT/netsocket-linamd64-1.0-20250630-225752-34.zip.md5
01.07.2025_00:57:52: [DEBUG] /maven_publish/publishMavenLocalLinAMD64/publisher: access URL: file:/C:/Users/marvi/.m2/repository/de/m_marvin/serialportaccess/netsocket-linamd64/1.0-SNAPSHOT/netsocket-linamd64-1.0-20250630-225752-34.zip.sha512
01.07.2025_00:57:52: [DEBUG] /maven_publish/publishMavenLocalLinAMD64/publisher: access URL: file:/C:/Users/marvi/.m2/repository/de/m_marvin/serialportaccess/netsocket-linamd64/1.0-SNAPSHOT/netsocket-linamd64-1.0-20250630-225752-34.zip.sha1
01.07.2025_00:57:52: [DEBUG] /maven_publish/publishMavenLocalLinAMD64/publisher: access URL: file:/C:/Users/marvi/.m2/repository/de/m_marvin/serialportaccess/netsocket-linamd64/1.0-SNAPSHOT/netsocket-linamd64-1.0-20250630-225752-34.zip.sha256
01.07.2025_00:57:52: [DEBUG] /maven_publish/publishMavenLocalLinAMD64/publisher: access URL: file:/C:/Users/marvi/.m2/repository/de/m_marvin/serialportaccess/netsocket-linamd64/1.0-SNAPSHOT/netsocket-linamd64-1.0-20250630-225752-34-headers.zip
01.07.2025_00:57:52: [DEBUG] /maven_publish/publishMavenLocalLinAMD64/publisher: access URL: file:/C:/Users/marvi/.m2/repository/de/m_marvin/serialportaccess/netsocket-linamd64/1.0-SNAPSHOT/netsocket-linamd64-1.0-20250630-225752-34-headers.zip.md5
01.07.2025_00:57:52: [DEBUG] /maven_publish/publishMavenLocalLinAMD64/publisher: access URL: file:/C:/Users/marvi/.m2/repository/de/m_marvin/serialportaccess/netsocket-linamd64/1.0-SNAPSHOT/netsocket-linamd64-1.0-20250630-225752-34-headers.zip.sha512
01.07.2025_00:57:52: [DEBUG] /maven_publish/publishMavenLocalLinAMD64/publisher: access URL: file:/C:/Users/marvi/.m2/repository/de/m_marvin/serialportaccess/netsocket-linamd64/1.0-SNAPSHOT/netsocket-linamd64-1.0-20250630-225752-34-headers.zip.sha1
01.07.2025_00:57:52: [DEBUG] /maven_publish/publishMavenLocalLinAMD64/publisher: access URL: file:/C:/Users/marvi/.m2/repository/de/m_marvin/serialportaccess/netsocket-linamd64/1.0-SNAPSHOT/netsocket-linamd64-1.0-20250630-225752-34-headers.zip.sha256
01.07.2025_00:57:52: [DEBUG] /maven_publish/publishMavenLocalLinAMD64/resolver: access URL: file:/C:/Users/marvi/.m2/repository/de/m_marvin/serialportaccess/netsocket-linamd64/maven-matedata.xml
01.07.2025_00:57:52: [DEBUG] /maven_publish/publishMavenLocalLinAMD64/resolver: access URL: file:/C:/Users/marvi/.m2/repository/de/m_marvin/serialportaccess/netsocket-linamd64/maven-matedata.xml.md5
01.07.2025_00:57:52: [DEBUG] /maven_publish/publishMavenLocalLinAMD64/publisher: access URL: file:/C:/Users/marvi/.m2/repository/de/m_marvin/serialportaccess/netsocket-linamd64/maven-matedata.xml
01.07.2025_00:57:52: [DEBUG] /maven_publish/publishMavenLocalLinAMD64/publisher: access URL: file:/C:/Users/marvi/.m2/repository/de/m_marvin/serialportaccess/netsocket-linamd64/maven-matedata.xml.md5
01.07.2025_00:57:52: [DEBUG] /maven_publish/publishMavenLocalLinAMD64/publisher: access URL: file:/C:/Users/marvi/.m2/repository/de/m_marvin/serialportaccess/netsocket-linamd64/maven-matedata.xml.sha512
01.07.2025_00:57:52: [DEBUG] /maven_publish/publishMavenLocalLinAMD64/publisher: access URL: file:/C:/Users/marvi/.m2/repository/de/m_marvin/serialportaccess/netsocket-linamd64/maven-matedata.xml.sha1
01.07.2025_00:57:52: [DEBUG] /maven_publish/publishMavenLocalLinAMD64/publisher: access URL: file:/C:/Users/marvi/.m2/repository/de/m_marvin/serialportaccess/netsocket-linamd64/maven-matedata.xml.sha256
01.07.2025_00:57:52: [ INFO] /maven_publish/publishMavenLocalLinARM32: attempt remote resolution to verify already uploaded artifacts ...
01.07.2025_00:57:52: [DEBUG] /maven_publish/publishMavenLocalLinARM32/resolver: access URL: file:/C:/Users/marvi/.m2/repository/de/m_marvin/serialportaccess/netsocket-linarm32/1.0-SNAPSHOT/maven-metadata.xml
01.07.2025_00:57:52: [DEBUG] /maven_publish/publishMavenLocalLinARM32/resolver: access URL: file:/C:/Users/marvi/.m2/repository/de/m_marvin/serialportaccess/netsocket-linarm32/1.0-SNAPSHOT/maven-metadata.xml.md5
01.07.2025_00:57:52: [DEBUG] /maven_publish/publishMavenLocalLinARM32/resolver: access URL: file:/C:/Users/marvi/.m2/repository/de/m_marvin/serialportaccess/netsocket-linarm32/1.0-SNAPSHOT/netsocket-linarm32-1.0-20250630-225340-33.pom
01.07.2025_00:57:52: [DEBUG] /maven_publish/publishMavenLocalLinARM32/resolver: access URL: file:/C:/Users/marvi/.m2/repository/de/m_marvin/serialportaccess/netsocket-linarm32/1.0-SNAPSHOT/netsocket-linarm32-1.0-20250630-225340-33.pom.md5
01.07.2025_00:57:52: [ INFO] /maven_publish/publishMavenLocalLinARM32: => upload to repository required: Repositiry{url=file:/C:/Users/marvi/.m2/repository,credentials=no}
01.07.2025_00:57:52: [ INFO] /maven_publish/publishMavenLocalLinARM32: uploads required, request publish task to run
01.07.2025_00:57:52: [ INFO] /maven_publish/publishMavenLocalLinARM32/publisher: attempt upload 'de.m_marvin.serialportaccess:netsocket-linarm32::pom:1.0-SNAPSHOT' to repository: [Maven Local] file:/C:/Users/marvi/.m2/repository
01.07.2025_00:57:52: [DEBUG] /maven_publish/publishMavenLocalLinARM32/resolver: access URL: file:/C:/Users/marvi/.m2/repository/de/m_marvin/serialportaccess/netsocket-linarm32/1.0-SNAPSHOT/maven-metadata.xml
01.07.2025_00:57:52: [DEBUG] /maven_publish/publishMavenLocalLinARM32/resolver: access URL: file:/C:/Users/marvi/.m2/repository/de/m_marvin/serialportaccess/netsocket-linarm32/1.0-SNAPSHOT/maven-metadata.xml.md5
01.07.2025_00:57:52: [DEBUG] /maven_publish/publishMavenLocalLinARM32/publisher: access URL: file:/C:/Users/marvi/.m2/repository/de/m_marvin/serialportaccess/netsocket-linarm32/1.0-SNAPSHOT/maven-metadata.xml
01.07.2025_00:57:52: [DEBUG] /maven_publish/publishMavenLocalLinARM32/publisher: access URL: file:/C:/Users/marvi/.m2/repository/de/m_marvin/serialportaccess/netsocket-linarm32/1.0-SNAPSHOT/maven-metadata.xml.md5
01.07.2025_00:57:52: [DEBUG] /maven_publish/publishMavenLocalLinARM32/publisher: access URL: file:/C:/Users/marvi/.m2/repository/de/m_marvin/serialportaccess/netsocket-linarm32/1.0-SNAPSHOT/maven-metadata.xml.sha512
01.07.2025_00:57:52: [DEBUG] /maven_publish/publishMavenLocalLinARM32/publisher: access URL: file:/C:/Users/marvi/.m2/repository/de/m_marvin/serialportaccess/netsocket-linarm32/1.0-SNAPSHOT/maven-metadata.xml.sha1
01.07.2025_00:57:52: [DEBUG] /maven_publish/publishMavenLocalLinARM32/publisher: access URL: file:/C:/Users/marvi/.m2/repository/de/m_marvin/serialportaccess/netsocket-linarm32/1.0-SNAPSHOT/maven-metadata.xml.sha256
01.07.2025_00:57:52: [DEBUG] /maven_publish/publishMavenLocalLinARM32/publisher: access URL: file:/C:/Users/marvi/.m2/repository/de/m_marvin/serialportaccess/netsocket-linarm32/1.0-SNAPSHOT/netsocket-linarm32-1.0-20250630-225752-34.pom
01.07.2025_00:57:52: [DEBUG] /maven_publish/publishMavenLocalLinARM32/publisher: access URL: file:/C:/Users/marvi/.m2/repository/de/m_marvin/serialportaccess/netsocket-linarm32/1.0-SNAPSHOT/netsocket-linarm32-1.0-20250630-225752-34.pom.md5
01.07.2025_00:57:52: [DEBUG] /maven_publish/publishMavenLocalLinARM32/publisher: access URL: file:/C:/Users/marvi/.m2/repository/de/m_marvin/serialportaccess/netsocket-linarm32/1.0-SNAPSHOT/netsocket-linarm32-1.0-20250630-225752-34.pom.sha512
01.07.2025_00:57:52: [DEBUG] /maven_publish/publishMavenLocalLinARM32/publisher: access URL: file:/C:/Users/marvi/.m2/repository/de/m_marvin/serialportaccess/netsocket-linarm32/1.0-SNAPSHOT/netsocket-linarm32-1.0-20250630-225752-34.pom.sha1
01.07.2025_00:57:52: [DEBUG] /maven_publish/publishMavenLocalLinARM32/publisher: access URL: file:/C:/Users/marvi/.m2/repository/de/m_marvin/serialportaccess/netsocket-linarm32/1.0-SNAPSHOT/netsocket-linarm32-1.0-20250630-225752-34.pom.sha256
01.07.2025_00:57:52: [DEBUG] /maven_publish/publishMavenLocalLinARM32/publisher: access URL: file:/C:/Users/marvi/.m2/repository/de/m_marvin/serialportaccess/netsocket-linarm32/1.0-SNAPSHOT/netsocket-linarm32-1.0-20250630-225752-34.zip
01.07.2025_00:57:52: [DEBUG] /maven_publish/publishMavenLocalLinARM32/publisher: access URL: file:/C:/Users/marvi/.m2/repository/de/m_marvin/serialportaccess/netsocket-linarm32/1.0-SNAPSHOT/netsocket-linarm32-1.0-20250630-225752-34.zip.md5
01.07.2025_00:57:52: [DEBUG] /maven_publish/publishMavenLocalLinARM32/publisher: access URL: file:/C:/Users/marvi/.m2/repository/de/m_marvin/serialportaccess/netsocket-linarm32/1.0-SNAPSHOT/netsocket-linarm32-1.0-20250630-225752-34.zip.sha512
01.07.2025_00:57:52: [DEBUG] /maven_publish/publishMavenLocalLinARM32/publisher: access URL: file:/C:/Users/marvi/.m2/repository/de/m_marvin/serialportaccess/netsocket-linarm32/1.0-SNAPSHOT/netsocket-linarm32-1.0-20250630-225752-34.zip.sha1
01.07.2025_00:57:52: [DEBUG] /maven_publish/publishMavenLocalLinARM32/publisher: access URL: file:/C:/Users/marvi/.m2/repository/de/m_marvin/serialportaccess/netsocket-linarm32/1.0-SNAPSHOT/netsocket-linarm32-1.0-20250630-225752-34.zip.sha256
01.07.2025_00:57:52: [DEBUG] /maven_publish/publishMavenLocalLinARM32/publisher: access URL: file:/C:/Users/marvi/.m2/repository/de/m_marvin/serialportaccess/netsocket-linarm32/1.0-SNAPSHOT/netsocket-linarm32-1.0-20250630-225752-34-headers.zip
01.07.2025_00:57:52: [DEBUG] /maven_publish/publishMavenLocalLinARM32/publisher: access URL: file:/C:/Users/marvi/.m2/repository/de/m_marvin/serialportaccess/netsocket-linarm32/1.0-SNAPSHOT/netsocket-linarm32-1.0-20250630-225752-34-headers.zip.md5
01.07.2025_00:57:52: [DEBUG] /maven_publish/publishMavenLocalLinARM32/publisher: access URL: file:/C:/Users/marvi/.m2/repository/de/m_marvin/serialportaccess/netsocket-linarm32/1.0-SNAPSHOT/netsocket-linarm32-1.0-20250630-225752-34-headers.zip.sha512
01.07.2025_00:57:52: [DEBUG] /maven_publish/publishMavenLocalLinARM32/publisher: access URL: file:/C:/Users/marvi/.m2/repository/de/m_marvin/serialportaccess/netsocket-linarm32/1.0-SNAPSHOT/netsocket-linarm32-1.0-20250630-225752-34-headers.zip.sha1
01.07.2025_00:57:52: [DEBUG] /maven_publish/publishMavenLocalLinARM32/publisher: access URL: file:/C:/Users/marvi/.m2/repository/de/m_marvin/serialportaccess/netsocket-linarm32/1.0-SNAPSHOT/netsocket-linarm32-1.0-20250630-225752-34-headers.zip.sha256
01.07.2025_00:57:52: [DEBUG] /maven_publish/publishMavenLocalLinARM32/resolver: access URL: file:/C:/Users/marvi/.m2/repository/de/m_marvin/serialportaccess/netsocket-linarm32/maven-matedata.xml
01.07.2025_00:57:52: [DEBUG] /maven_publish/publishMavenLocalLinARM32/resolver: access URL: file:/C:/Users/marvi/.m2/repository/de/m_marvin/serialportaccess/netsocket-linarm32/maven-matedata.xml.md5
01.07.2025_00:57:52: [DEBUG] /maven_publish/publishMavenLocalLinARM32/publisher: access URL: file:/C:/Users/marvi/.m2/repository/de/m_marvin/serialportaccess/netsocket-linarm32/maven-matedata.xml
01.07.2025_00:57:52: [DEBUG] /maven_publish/publishMavenLocalLinARM32/publisher: access URL: file:/C:/Users/marvi/.m2/repository/de/m_marvin/serialportaccess/netsocket-linarm32/maven-matedata.xml.md5
01.07.2025_00:57:52: [DEBUG] /maven_publish/publishMavenLocalLinARM32/publisher: access URL: file:/C:/Users/marvi/.m2/repository/de/m_marvin/serialportaccess/netsocket-linarm32/maven-matedata.xml.sha512
01.07.2025_00:57:52: [DEBUG] /maven_publish/publishMavenLocalLinARM32/publisher: access URL: file:/C:/Users/marvi/.m2/repository/de/m_marvin/serialportaccess/netsocket-linarm32/maven-matedata.xml.sha1
01.07.2025_00:57:52: [DEBUG] /maven_publish/publishMavenLocalLinARM32/publisher: access URL: file:/C:/Users/marvi/.m2/repository/de/m_marvin/serialportaccess/netsocket-linarm32/maven-matedata.xml.sha256
01.07.2025_00:57:52: [ INFO] /maven_publish/publishMavenLocalWinAMD64: attempt remote resolution to verify already uploaded artifacts ...
01.07.2025_00:57:52: [DEBUG] /maven_publish/publishMavenLocalWinAMD64/resolver: access URL: file:/C:/Users/marvi/.m2/repository/de/m_marvin/serialportaccess/netsocket-winamd64/1.0-SNAPSHOT/maven-metadata.xml
01.07.2025_00:57:52: [DEBUG] /maven_publish/publishMavenLocalWinAMD64/resolver: access URL: file:/C:/Users/marvi/.m2/repository/de/m_marvin/serialportaccess/netsocket-winamd64/1.0-SNAPSHOT/maven-metadata.xml.md5
01.07.2025_00:57:52: [DEBUG] /maven_publish/publishMavenLocalWinAMD64/resolver: access URL: file:/C:/Users/marvi/.m2/repository/de/m_marvin/serialportaccess/netsocket-winamd64/1.0-SNAPSHOT/netsocket-winamd64-1.0-20250630-225340-44.pom
01.07.2025_00:57:52: [DEBUG] /maven_publish/publishMavenLocalWinAMD64/resolver: access URL: file:/C:/Users/marvi/.m2/repository/de/m_marvin/serialportaccess/netsocket-winamd64/1.0-SNAPSHOT/netsocket-winamd64-1.0-20250630-225340-44.pom.md5
01.07.2025_00:57:52: [ INFO] /maven_publish/publishMavenLocalWinAMD64: => upload to repository required: Repositiry{url=file:/C:/Users/marvi/.m2/repository,credentials=no}
01.07.2025_00:57:52: [ INFO] /maven_publish/publishMavenLocalWinAMD64: uploads required, request publish task to run
01.07.2025_00:57:52: [ INFO] /maven_publish/publishMavenLocalWinAMD64/publisher: attempt upload 'de.m_marvin.serialportaccess:netsocket-winamd64::pom:1.0-SNAPSHOT' to repository: [Maven Local] file:/C:/Users/marvi/.m2/repository
01.07.2025_00:57:52: [DEBUG] /maven_publish/publishMavenLocalWinAMD64/resolver: access URL: file:/C:/Users/marvi/.m2/repository/de/m_marvin/serialportaccess/netsocket-winamd64/1.0-SNAPSHOT/maven-metadata.xml
01.07.2025_00:57:52: [DEBUG] /maven_publish/publishMavenLocalWinAMD64/resolver: access URL: file:/C:/Users/marvi/.m2/repository/de/m_marvin/serialportaccess/netsocket-winamd64/1.0-SNAPSHOT/maven-metadata.xml.md5
01.07.2025_00:57:52: [DEBUG] /maven_publish/publishMavenLocalWinAMD64/publisher: access URL: file:/C:/Users/marvi/.m2/repository/de/m_marvin/serialportaccess/netsocket-winamd64/1.0-SNAPSHOT/maven-metadata.xml
01.07.2025_00:57:52: [DEBUG] /maven_publish/publishMavenLocalWinAMD64/publisher: access URL: file:/C:/Users/marvi/.m2/repository/de/m_marvin/serialportaccess/netsocket-winamd64/1.0-SNAPSHOT/maven-metadata.xml.md5
01.07.2025_00:57:52: [DEBUG] /maven_publish/publishMavenLocalWinAMD64/publisher: access URL: file:/C:/Users/marvi/.m2/repository/de/m_marvin/serialportaccess/netsocket-winamd64/1.0-SNAPSHOT/maven-metadata.xml.sha512
01.07.2025_00:57:52: [DEBUG] /maven_publish/publishMavenLocalWinAMD64/publisher: access URL: file:/C:/Users/marvi/.m2/repository/de/m_marvin/serialportaccess/netsocket-winamd64/1.0-SNAPSHOT/maven-metadata.xml.sha1
01.07.2025_00:57:52: [DEBUG] /maven_publish/publishMavenLocalWinAMD64/publisher: access URL: file:/C:/Users/marvi/.m2/repository/de/m_marvin/serialportaccess/netsocket-winamd64/1.0-SNAPSHOT/maven-metadata.xml.sha256
01.07.2025_00:57:52: [DEBUG] /maven_publish/publishMavenLocalWinAMD64/publisher: access URL: file:/C:/Users/marvi/.m2/repository/de/m_marvin/serialportaccess/netsocket-winamd64/1.0-SNAPSHOT/netsocket-winamd64-1.0-20250630-225752-45.pom
01.07.2025_00:57:52: [DEBUG] /maven_publish/publishMavenLocalWinAMD64/publisher: access URL: file:/C:/Users/marvi/.m2/repository/de/m_marvin/serialportaccess/netsocket-winamd64/1.0-SNAPSHOT/netsocket-winamd64-1.0-20250630-225752-45.pom.md5
01.07.2025_00:57:52: [DEBUG] /maven_publish/publishMavenLocalWinAMD64/publisher: access URL: file:/C:/Users/marvi/.m2/repository/de/m_marvin/serialportaccess/netsocket-winamd64/1.0-SNAPSHOT/netsocket-winamd64-1.0-20250630-225752-45.pom.sha512
01.07.2025_00:57:52: [DEBUG] /maven_publish/publishMavenLocalWinAMD64/publisher: access URL: file:/C:/Users/marvi/.m2/repository/de/m_marvin/serialportaccess/netsocket-winamd64/1.0-SNAPSHOT/netsocket-winamd64-1.0-20250630-225752-45.pom.sha1
01.07.2025_00:57:52: [DEBUG] /maven_publish/publishMavenLocalWinAMD64/publisher: access URL: file:/C:/Users/marvi/.m2/repository/de/m_marvin/serialportaccess/netsocket-winamd64/1.0-SNAPSHOT/netsocket-winamd64-1.0-20250630-225752-45.pom.sha256
01.07.2025_00:57:52: [DEBUG] /maven_publish/publishMavenLocalWinAMD64/publisher: access URL: file:/C:/Users/marvi/.m2/repository/de/m_marvin/serialportaccess/netsocket-winamd64/1.0-SNAPSHOT/netsocket-winamd64-1.0-20250630-225752-45.zip
01.07.2025_00:57:52: [DEBUG] /maven_publish/publishMavenLocalWinAMD64/publisher: access URL: file:/C:/Users/marvi/.m2/repository/de/m_marvin/serialportaccess/netsocket-winamd64/1.0-SNAPSHOT/netsocket-winamd64-1.0-20250630-225752-45.zip.md5
01.07.2025_00:57:52: [DEBUG] /maven_publish/publishMavenLocalWinAMD64/publisher: access URL: file:/C:/Users/marvi/.m2/repository/de/m_marvin/serialportaccess/netsocket-winamd64/1.0-SNAPSHOT/netsocket-winamd64-1.0-20250630-225752-45.zip.sha512
01.07.2025_00:57:52: [DEBUG] /maven_publish/publishMavenLocalWinAMD64/publisher: access URL: file:/C:/Users/marvi/.m2/repository/de/m_marvin/serialportaccess/netsocket-winamd64/1.0-SNAPSHOT/netsocket-winamd64-1.0-20250630-225752-45.zip.sha1
01.07.2025_00:57:52: [DEBUG] /maven_publish/publishMavenLocalWinAMD64/publisher: access URL: file:/C:/Users/marvi/.m2/repository/de/m_marvin/serialportaccess/netsocket-winamd64/1.0-SNAPSHOT/netsocket-winamd64-1.0-20250630-225752-45.zip.sha256
01.07.2025_00:57:52: [DEBUG] /maven_publish/publishMavenLocalWinAMD64/publisher: access URL: file:/C:/Users/marvi/.m2/repository/de/m_marvin/serialportaccess/netsocket-winamd64/1.0-SNAPSHOT/netsocket-winamd64-1.0-20250630-225752-45-headers.zip
01.07.2025_00:57:52: [DEBUG] /maven_publish/publishMavenLocalWinAMD64/publisher: access URL: file:/C:/Users/marvi/.m2/repository/de/m_marvin/serialportaccess/netsocket-winamd64/1.0-SNAPSHOT/netsocket-winamd64-1.0-20250630-225752-45-headers.zip.md5
01.07.2025_00:57:52: [DEBUG] /maven_publish/publishMavenLocalWinAMD64/publisher: access URL: file:/C:/Users/marvi/.m2/repository/de/m_marvin/serialportaccess/netsocket-winamd64/1.0-SNAPSHOT/netsocket-winamd64-1.0-20250630-225752-45-headers.zip.sha512
01.07.2025_00:57:52: [DEBUG] /maven_publish/publishMavenLocalWinAMD64/publisher: access URL: file:/C:/Users/marvi/.m2/repository/de/m_marvin/serialportaccess/netsocket-winamd64/1.0-SNAPSHOT/netsocket-winamd64-1.0-20250630-225752-45-headers.zip.sha1
01.07.2025_00:57:52: [DEBUG] /maven_publish/publishMavenLocalWinAMD64/publisher: access URL: file:/C:/Users/marvi/.m2/repository/de/m_marvin/serialportaccess/netsocket-winamd64/1.0-SNAPSHOT/netsocket-winamd64-1.0-20250630-225752-45-headers.zip.sha256
01.07.2025_00:57:52: [DEBUG] /maven_publish/publishMavenLocalWinAMD64/resolver: access URL: file:/C:/Users/marvi/.m2/repository/de/m_marvin/serialportaccess/netsocket-winamd64/maven-matedata.xml
01.07.2025_00:57:52: [DEBUG] /maven_publish/publishMavenLocalWinAMD64/resolver: access URL: file:/C:/Users/marvi/.m2/repository/de/m_marvin/serialportaccess/netsocket-winamd64/maven-matedata.xml.md5
01.07.2025_00:57:52: [DEBUG] /maven_publish/publishMavenLocalWinAMD64/publisher: access URL: file:/C:/Users/marvi/.m2/repository/de/m_marvin/serialportaccess/netsocket-winamd64/maven-matedata.xml
01.07.2025_00:57:52: [DEBUG] /maven_publish/publishMavenLocalWinAMD64/publisher: access URL: file:/C:/Users/marvi/.m2/repository/de/m_marvin/serialportaccess/netsocket-winamd64/maven-matedata.xml.md5
01.07.2025_00:57:52: [DEBUG] /maven_publish/publishMavenLocalWinAMD64/publisher: access URL: file:/C:/Users/marvi/.m2/repository/de/m_marvin/serialportaccess/netsocket-winamd64/maven-matedata.xml.sha512
01.07.2025_00:57:52: [DEBUG] /maven_publish/publishMavenLocalWinAMD64/publisher: access URL: file:/C:/Users/marvi/.m2/repository/de/m_marvin/serialportaccess/netsocket-winamd64/maven-matedata.xml.sha1
01.07.2025_00:57:52: [DEBUG] /maven_publish/publishMavenLocalWinAMD64/publisher: access URL: file:/C:/Users/marvi/.m2/repository/de/m_marvin/serialportaccess/netsocket-winamd64/maven-matedata.xml.sha256
01.07.2025_00:57:52: [ INFO] /maven_publish/publishMavenLocalLinARM64: attempt remote resolution to verify already uploaded artifacts ...
01.07.2025_00:57:52: [DEBUG] /maven_publish/publishMavenLocalLinARM64/resolver: access URL: file:/C:/Users/marvi/.m2/repository/de/m_marvin/serialportaccess/netsocket-linarm64/1.0-SNAPSHOT/maven-metadata.xml
01.07.2025_00:57:52: [DEBUG] /maven_publish/publishMavenLocalLinARM64/resolver: access URL: file:/C:/Users/marvi/.m2/repository/de/m_marvin/serialportaccess/netsocket-linarm64/1.0-SNAPSHOT/maven-metadata.xml.md5
01.07.2025_00:57:52: [DEBUG] /maven_publish/publishMavenLocalLinARM64/resolver: access URL: file:/C:/Users/marvi/.m2/repository/de/m_marvin/serialportaccess/netsocket-linarm64/1.0-SNAPSHOT/netsocket-linarm64-1.0-20250630-225340-33.pom
01.07.2025_00:57:52: [DEBUG] /maven_publish/publishMavenLocalLinARM64/resolver: access URL: file:/C:/Users/marvi/.m2/repository/de/m_marvin/serialportaccess/netsocket-linarm64/1.0-SNAPSHOT/netsocket-linarm64-1.0-20250630-225340-33.pom.md5
01.07.2025_00:57:52: [ INFO] /maven_publish/publishMavenLocalLinARM64: => upload to repository required: Repositiry{url=file:/C:/Users/marvi/.m2/repository,credentials=no}
01.07.2025_00:57:52: [ INFO] /maven_publish/publishMavenLocalLinARM64: uploads required, request publish task to run
01.07.2025_00:57:52: [ INFO] /maven_publish/publishMavenLocalLinARM64/publisher: attempt upload 'de.m_marvin.serialportaccess:netsocket-linarm64::pom:1.0-SNAPSHOT' to repository: [Maven Local] file:/C:/Users/marvi/.m2/repository
01.07.2025_00:57:52: [DEBUG] /maven_publish/publishMavenLocalLinARM64/resolver: access URL: file:/C:/Users/marvi/.m2/repository/de/m_marvin/serialportaccess/netsocket-linarm64/1.0-SNAPSHOT/maven-metadata.xml
01.07.2025_00:57:52: [DEBUG] /maven_publish/publishMavenLocalLinARM64/resolver: access URL: file:/C:/Users/marvi/.m2/repository/de/m_marvin/serialportaccess/netsocket-linarm64/1.0-SNAPSHOT/maven-metadata.xml.md5
01.07.2025_00:57:52: [DEBUG] /maven_publish/publishMavenLocalLinARM64/publisher: access URL: file:/C:/Users/marvi/.m2/repository/de/m_marvin/serialportaccess/netsocket-linarm64/1.0-SNAPSHOT/maven-metadata.xml
01.07.2025_00:57:52: [DEBUG] /maven_publish/publishMavenLocalLinARM64/publisher: access URL: file:/C:/Users/marvi/.m2/repository/de/m_marvin/serialportaccess/netsocket-linarm64/1.0-SNAPSHOT/maven-metadata.xml.md5
01.07.2025_00:57:52: [DEBUG] /maven_publish/publishMavenLocalLinARM64/publisher: access URL: file:/C:/Users/marvi/.m2/repository/de/m_marvin/serialportaccess/netsocket-linarm64/1.0-SNAPSHOT/maven-metadata.xml.sha512
01.07.2025_00:57:52: [DEBUG] /maven_publish/publishMavenLocalLinARM64/publisher: access URL: file:/C:/Users/marvi/.m2/repository/de/m_marvin/serialportaccess/netsocket-linarm64/1.0-SNAPSHOT/maven-metadata.xml.sha1
01.07.2025_00:57:52: [DEBUG] /maven_publish/publishMavenLocalLinARM64/publisher: access URL: file:/C:/Users/marvi/.m2/repository/de/m_marvin/serialportaccess/netsocket-linarm64/1.0-SNAPSHOT/maven-metadata.xml.sha256
01.07.2025_00:57:52: [DEBUG] /maven_publish/publishMavenLocalLinARM64/publisher: access URL: file:/C:/Users/marvi/.m2/repository/de/m_marvin/serialportaccess/netsocket-linarm64/1.0-SNAPSHOT/netsocket-linarm64-1.0-20250630-225752-34.pom
01.07.2025_00:57:52: [DEBUG] /maven_publish/publishMavenLocalLinARM64/publisher: access URL: file:/C:/Users/marvi/.m2/repository/de/m_marvin/serialportaccess/netsocket-linarm64/1.0-SNAPSHOT/netsocket-linarm64-1.0-20250630-225752-34.pom.md5
01.07.2025_00:57:52: [DEBUG] /maven_publish/publishMavenLocalLinARM64/publisher: access URL: file:/C:/Users/marvi/.m2/repository/de/m_marvin/serialportaccess/netsocket-linarm64/1.0-SNAPSHOT/netsocket-linarm64-1.0-20250630-225752-34.pom.sha512
01.07.2025_00:57:52: [DEBUG] /maven_publish/publishMavenLocalLinARM64/publisher: access URL: file:/C:/Users/marvi/.m2/repository/de/m_marvin/serialportaccess/netsocket-linarm64/1.0-SNAPSHOT/netsocket-linarm64-1.0-20250630-225752-34.pom.sha1
01.07.2025_00:57:52: [DEBUG] /maven_publish/publishMavenLocalLinARM64/publisher: access URL: file:/C:/Users/marvi/.m2/repository/de/m_marvin/serialportaccess/netsocket-linarm64/1.0-SNAPSHOT/netsocket-linarm64-1.0-20250630-225752-34.pom.sha256
01.07.2025_00:57:52: [DEBUG] /maven_publish/publishMavenLocalLinARM64/publisher: access URL: file:/C:/Users/marvi/.m2/repository/de/m_marvin/serialportaccess/netsocket-linarm64/1.0-SNAPSHOT/netsocket-linarm64-1.0-20250630-225752-34.zip
01.07.2025_00:57:52: [DEBUG] /maven_publish/publishMavenLocalLinARM64/publisher: access URL: file:/C:/Users/marvi/.m2/repository/de/m_marvin/serialportaccess/netsocket-linarm64/1.0-SNAPSHOT/netsocket-linarm64-1.0-20250630-225752-34.zip.md5
01.07.2025_00:57:52: [DEBUG] /maven_publish/publishMavenLocalLinARM64/publisher: access URL: file:/C:/Users/marvi/.m2/repository/de/m_marvin/serialportaccess/netsocket-linarm64/1.0-SNAPSHOT/netsocket-linarm64-1.0-20250630-225752-34.zip.sha512
01.07.2025_00:57:52: [DEBUG] /maven_publish/publishMavenLocalLinARM64/publisher: access URL: file:/C:/Users/marvi/.m2/repository/de/m_marvin/serialportaccess/netsocket-linarm64/1.0-SNAPSHOT/netsocket-linarm64-1.0-20250630-225752-34.zip.sha1
01.07.2025_00:57:52: [DEBUG] /maven_publish/publishMavenLocalLinARM64/publisher: access URL: file:/C:/Users/marvi/.m2/repository/de/m_marvin/serialportaccess/netsocket-linarm64/1.0-SNAPSHOT/netsocket-linarm64-1.0-20250630-225752-34.zip.sha256
01.07.2025_00:57:52: [DEBUG] /maven_publish/publishMavenLocalLinARM64/publisher: access URL: file:/C:/Users/marvi/.m2/repository/de/m_marvin/serialportaccess/netsocket-linarm64/1.0-SNAPSHOT/netsocket-linarm64-1.0-20250630-225752-34-headers.zip
01.07.2025_00:57:52: [DEBUG] /maven_publish/publishMavenLocalLinARM64/publisher: access URL: file:/C:/Users/marvi/.m2/repository/de/m_marvin/serialportaccess/netsocket-linarm64/1.0-SNAPSHOT/netsocket-linarm64-1.0-20250630-225752-34-headers.zip.md5
01.07.2025_00:57:52: [DEBUG] /maven_publish/publishMavenLocalLinARM64/publisher: access URL: file:/C:/Users/marvi/.m2/repository/de/m_marvin/serialportaccess/netsocket-linarm64/1.0-SNAPSHOT/netsocket-linarm64-1.0-20250630-225752-34-headers.zip.sha512
01.07.2025_00:57:52: [DEBUG] /maven_publish/publishMavenLocalLinARM64/publisher: access URL: file:/C:/Users/marvi/.m2/repository/de/m_marvin/serialportaccess/netsocket-linarm64/1.0-SNAPSHOT/netsocket-linarm64-1.0-20250630-225752-34-headers.zip.sha1
01.07.2025_00:57:52: [DEBUG] /maven_publish/publishMavenLocalLinARM64/publisher: access URL: file:/C:/Users/marvi/.m2/repository/de/m_marvin/serialportaccess/netsocket-linarm64/1.0-SNAPSHOT/netsocket-linarm64-1.0-20250630-225752-34-headers.zip.sha256
01.07.2025_00:57:52: [DEBUG] /maven_publish/publishMavenLocalLinARM64/resolver: access URL: file:/C:/Users/marvi/.m2/repository/de/m_marvin/serialportaccess/netsocket-linarm64/maven-matedata.xml
01.07.2025_00:57:52: [DEBUG] /maven_publish/publishMavenLocalLinARM64/resolver: access URL: file:/C:/Users/marvi/.m2/repository/de/m_marvin/serialportaccess/netsocket-linarm64/maven-matedata.xml.md5
01.07.2025_00:57:52: [DEBUG] /maven_publish/publishMavenLocalLinARM64/publisher: access URL: file:/C:/Users/marvi/.m2/repository/de/m_marvin/serialportaccess/netsocket-linarm64/maven-matedata.xml
01.07.2025_00:57:52: [DEBUG] /maven_publish/publishMavenLocalLinARM64/publisher: access URL: file:/C:/Users/marvi/.m2/repository/de/m_marvin/serialportaccess/netsocket-linarm64/maven-matedata.xml.md5
01.07.2025_00:57:52: [DEBUG] /maven_publish/publishMavenLocalLinARM64/publisher: access URL: file:/C:/Users/marvi/.m2/repository/de/m_marvin/serialportaccess/netsocket-linarm64/maven-matedata.xml.sha512
01.07.2025_00:57:52: [DEBUG] /maven_publish/publishMavenLocalLinARM64/publisher: access URL: file:/C:/Users/marvi/.m2/repository/de/m_marvin/serialportaccess/netsocket-linarm64/maven-matedata.xml.sha1
01.07.2025_00:57:52: [DEBUG] /maven_publish/publishMavenLocalLinARM64/publisher: access URL: file:/C:/Users/marvi/.m2/repository/de/m_marvin/serialportaccess/netsocket-linarm64/maven-matedata.xml.sha256
01.07.2025_00:57:52: [DEBUG] Metabuild: STATE TRANSITION: RUN >>> FINISH
01.07.2025_00:57:53: [DEBUG] Metabuild: STATE TRANSITION: FINISH >>> SHUTDOWN
01.07.2025_00:57:53: [DEBUG] Metabuild: STATE TRANSITION: SHUTDOWN >>> READY
01.07.2025_00:57:53: [ INFO] Metabuild: TASKS: 37  UP_TO_DATE: 37  FAILED: 0
