21.06.2025_16:16:29: [DEBUG] : JVM runtime: 21.0.3
21.06.2025_16:16:29: [DEBUG] : Meta runtime: 0.5-beta-SNAPSHOT
21.06.2025_16:16:29: [DEBUG] : Meta home: C:\Users\marvi\.meta\versions\meta-0.5-beta-SNAPSHOT
21.06.2025_16:16:29: [ INFO] Metabuild: search system plugins: C:\Users\marvi\.meta\versions\meta-0.5-beta-SNAPSHOT
21.06.2025_16:16:29: [ INFO] Metabuild: - metabuild-cpp.jar
21.06.2025_16:16:29: [ INFO] Metabuild: - metabuild-java.jar
21.06.2025_16:16:29: [ INFO] Metabuild: - metabuild-maven.jar
21.06.2025_16:16:29: [DEBUG] Metabuild: STATE TRANSITION: PREINIT >>> IDLE
21.06.2025_16:16:29: [DEBUG] Metabuild: STATE TRANSITION: IDLE >>> INIT
21.06.2025_16:16:30: [ INFO] Metabuild: loaded buildfile: E:\GitHub\LIBRARY-SerialPortAccess\SerialPortAccess\build.meta
21.06.2025_16:16:30: [ INFO] : [i] >>> JAVA_HOME: C:\Program Files\Java\jdk-17.0.10+7
21.06.2025_16:16:30: [ INFO] : [i] >>> NOTE: Java JNI headers for WinAMD64jniapi platform are expected to be found in JAVA_HOME/include
21.06.2025_16:16:30: [ INFO] Metabuild: loaded buildfile: E:\GitHub\LIBRARY-SerialPortAccess\JSerialPortAccess\build.meta
21.06.2025_16:16:30: [ INFO] : [i] >>> JAVA_HOME: C:\Program Files\Java\jdk-17.0.10+7
21.06.2025_16:16:30: [ INFO] : [i] >>> NOTE: Java JNI headers for LinAMD64jniapi platform are expected to be found in JAVA_HOME/include
21.06.2025_16:16:30: [ INFO] : [i] >>> JAVA_HOME: C:\Program Files\Java\jdk-17.0.10+7
21.06.2025_16:16:30: [ INFO] : [i] >>> NOTE: Java JNI headers for LinARM32jniapi platform are expected to be found in JAVA_HOME/include
21.06.2025_16:16:30: [ INFO] : [i] >>> JAVA_HOME: C:\Program Files\Java\jdk-17.0.10+7
21.06.2025_16:16:30: [ INFO] : [i] >>> NOTE: Java JNI headers for LinARM64jniapi platform are expected to be found in JAVA_HOME/include
21.06.2025_16:16:30: [DEBUG] Metabuild: STATE TRANSITION: INIT >>> READY
21.06.2025_16:16:30: [DEBUG] Metabuild: STATE TRANSITION: READY >>> PREPARE
21.06.2025_16:16:30: [DEBUG] Metabuild: STATE TRANSITION: PREPARE >>> RUN
21.06.2025_16:16:30: [ WARN] : ! RUNNING METABUILD INIT SEQUENCE, REWRITING WRAPPER JAR
21.06.2025_16:16:30: [ WARN] : ! METAW SCRIPTS WILL BE REWRITTEN
21.06.2025_16:16:31: [DEBUG] Metabuild: STATE TRANSITION: RUN >>> FINISH
21.06.2025_16:16:31: [DEBUG] Metabuild: STATE TRANSITION: FINISH >>> SHUTDOWN
21.06.2025_16:16:31: [DEBUG] Metabuild: STATE TRANSITION: SHUTDOWN >>> READY
21.06.2025_16:16:31: [ INFO] Metabuild: TASKS: 1  UP_TO_DATE: 1  FAILED: 0
